\BOOKMARK [1][-]{section.1}{Introduction}{}% 1
\BOOKMARK [1][-]{section.2}{Related literature}{}% 2
\BOOKMARK [2][-]{subsection.2.1}{Public transport}{section.2}% 3
\BOOKMARK [2][-]{subsection.2.2}{Demand-adaptive transit systems}{section.2}% 4
\BOOKMARK [2][-]{subsection.2.3}{Vehicles assignment to routes}{section.2}% 5
\BOOKMARK [1][-]{section.3}{Problem formulation}{}% 6
\BOOKMARK [2][-]{subsection.3.1}{Circular route}{section.3}% 7
\BOOKMARK [2][-]{subsection.3.2}{Vehicles}{section.3}% 8
\BOOKMARK [2][-]{subsection.3.3}{Bookings and demand}{section.3}% 9
\BOOKMARK [2][-]{subsection.3.4}{Output metrics}{section.3}% 10
\BOOKMARK [3][-]{subsubsection.3.4.1}{Battery consumption}{subsection.3.4}% 11
\BOOKMARK [3][-]{subsubsection.3.4.2}{Occupancy}{subsection.3.4}% 12
\BOOKMARK [3][-]{subsubsection.3.4.3}{Waiting time}{subsection.3.4}% 13
\BOOKMARK [3][-]{subsubsection.3.4.4}{Journey time}{subsection.3.4}% 14
\BOOKMARK [3][-]{subsubsection.3.4.5}{Completed bookings ratio}{subsection.3.4}% 15
\BOOKMARK [1][-]{section.4}{Methodology}{}% 16
\BOOKMARK [2][-]{subsection.4.1}{Simulation framework}{section.4}% 17
\BOOKMARK [3][-]{subsubsection.4.1.1}{World-Simulator}{subsection.4.1}% 18
\BOOKMARK [3][-]{subsubsection.4.1.2}{Simulated vehicles}{subsection.4.1}% 19
\BOOKMARK [3][-]{subsubsection.4.1.3}{Core-Engine}{subsection.4.1}% 20
\BOOKMARK [3][-]{subsubsection.4.1.4}{Time synchronization}{subsection.4.1}% 21
\BOOKMARK [3][-]{subsubsection.4.1.5}{Reported metrics}{subsection.4.1}% 22
\BOOKMARK [2][-]{subsection.4.2}{Scheduling}{section.4}% 23
\BOOKMARK [3][-]{subsubsection.4.2.1}{Scheduling the activities of vehicles}{subsection.4.2}% 24
\BOOKMARK [3][-]{subsubsection.4.2.2}{Headway}{subsection.4.2}% 25
\BOOKMARK [3][-]{subsubsection.4.2.3}{Dynamic fleet size}{subsection.4.2}% 26
\BOOKMARK [1][-]{section.5}{Numerical experiments}{}% 27
\BOOKMARK [2][-]{subsection.5.1}{Simulation settings}{section.5}% 28
\BOOKMARK [3][-]{subsubsection.5.1.1}{Simulation speed}{subsection.5.1}% 29
\BOOKMARK [3][-]{subsubsection.5.1.2}{Actor speed for the vehicles}{subsection.5.1}% 30
\BOOKMARK [3][-]{subsubsection.5.1.3}{Time consistency between applications}{subsection.5.1}% 31
\BOOKMARK [2][-]{subsection.5.2}{Scenario settings}{section.5}% 32
\BOOKMARK [3][-]{subsubsection.5.2.1}{Vehicles}{subsection.5.2}% 33
\BOOKMARK [3][-]{subsubsection.5.2.2}{Fixed loop graph}{subsection.5.2}% 34
\BOOKMARK [3][-]{subsubsection.5.2.3}{Simulated demand}{subsection.5.2}% 35
\BOOKMARK [2][-]{subsection.5.3}{Headway experiments}{section.5}% 36
\BOOKMARK [2][-]{subsection.5.4}{Dynamic fleet size experiments}{section.5}% 37
\BOOKMARK [3][-]{subsubsection.5.4.1}{Generating data}{subsection.5.4}% 38
\BOOKMARK [3][-]{subsubsection.5.4.2}{Impact of the fleet size and the demand density}{subsection.5.4}% 39
\BOOKMARK [3][-]{subsubsection.5.4.3}{Comparison of scheduling strategies}{subsection.5.4}% 40
\BOOKMARK [2][-]{subsection.5.5}{Choice of scheduling strategy}{section.5}% 41
\BOOKMARK [2][-]{subsection.5.6}{Further scenario experiments}{section.5}% 42
\BOOKMARK [3][-]{subsubsection.5.6.1}{Autonomous charging stations}{subsection.5.6}% 43
\BOOKMARK [3][-]{subsubsection.5.6.2}{Battery consumption}{subsection.5.6}% 44
\BOOKMARK [1][-]{section.6}{Conclusion}{}% 45
\BOOKMARK [2][-]{subsection.6.1}{Summary}{section.6}% 46
\BOOKMARK [2][-]{subsection.6.2}{Future work}{section.6}% 47
